<?xml version="1.0" encoding="utf-8" standalone="no"?>
<!--This file represents the results of running a test suite-->
<test-results name="/home/nidhi/cecil/gendarme/rules/Gendarme.Rules.BadPractice/Test.Rules.BadPractice.dll" total="8" failures="0" not-run="0" date="6/29/2007" time="7:05 PM">
  <test-suite name="/home/nidhi/cecil/gendarme/rules/Gendarme.Rules.BadPractice/Test.Rules.BadPractice.dll" success="True" time="0.204725" asserts="0">
    <results>
      <test-suite name="Test" success="True" time="0.190759" asserts="0">
        <results>
          <test-suite name="Rules" success="True" time="0.187213" asserts="0">
            <results>
              <test-suite name="BadPractice" success="True" time="0.18215" asserts="0">
                <results>
                  <test-suite name="ImplementingEqualsButNotGetHashCodeAndViceVersaTest" success="True" time="0.173753" asserts="0">
                    <results>
                      <test-case name="Test.Rules.BadPractice.ImplementingEqualsButNotGetHashCodeAndViceVersaTest.EqualsButNotGetHashCodeTest" executed="True" success="True" time="0.006" asserts="2" />
                      <test-case name="Test.Rules.BadPractice.ImplementingEqualsButNotGetHashCodeAndViceVersaTest.GetHashCodeButNotEqualsTest" executed="True" success="True" time="0.000" asserts="2" />
                      <test-case name="Test.Rules.BadPractice.ImplementingEqualsButNotGetHashCodeAndViceVersaTest.NoneOfThemTest" executed="True" success="True" time="0.000" asserts="1" />
                      <test-case name="Test.Rules.BadPractice.ImplementingEqualsButNotGetHashCodeAndViceVersaTest.BothOfThemTest" executed="True" success="True" time="0.000" asserts="1" />
                      <test-case name="Test.Rules.BadPractice.ImplementingEqualsButNotGetHashCodeAndViceVersaTest.ImplementsEqualsUsesObjectGetHashCodeTest" executed="True" success="True" time="0.000" asserts="2" />
                      <test-case name="Test.Rules.BadPractice.ImplementingEqualsButNotGetHashCodeAndViceVersaTest.ImplementsGetHashCodeUsesObjectEqualsTest" executed="True" success="True" time="0.000" asserts="2" />
                      <test-case name="Test.Rules.BadPractice.ImplementingEqualsButNotGetHashCodeAndViceVersaTest.EqualsWithTwoArgsTest" executed="True" success="True" time="0.000" asserts="1" />
                      <test-case name="Test.Rules.BadPractice.ImplementingEqualsButNotGetHashCodeAndViceVersaTest.GetHashCodeWithOneArgTest" executed="True" success="True" time="0.000" asserts="1" />
                    </results>
                  </test-suite>
                </results>
              </test-suite>
            </results>
          </test-suite>
        </results>
      </test-suite>
    </results>
  </test-suite>
</test-results>